#
# A fatal error has been detected by the Java Runtime Environment:
#
#  EXCEPTION_ACCESS_VIOLATION (0xc0000005) at pc=0x041b1e88, pid=4284, tid=2420
#
# JRE version: 6.0_14-b08
# Java VM: Java HotSpot(TM) Client VM (14.0-b16 mixed mode, sharing windows-x86 )
# Problematic frame:
# C  [nvoglv32.DLL+0x121e88]
#
# If you would like to submit a bug report, please visit:
#   http://java.sun.com/webapps/bugreport/crash.jsp
#

---------------  T H R E A D  ---------------

Current thread (0x018a1400):  VMThread [stack: 0x03a40000,0x03a90000] [id=2420]

siginfo: ExceptionCode=0xc0000005, reading address 0x00000000

Registers:
EAX=0x00000000, EBX=0x00000000, ECX=0x06026820, EDX=0x00000974
ESP=0x03a8fa5c, EBP=0x03a8fa74, ESI=0x06023900, EDI=0x00000000
EIP=0x041b1e88, EFLAGS=0x00010246

Top of Stack: (sp=0x03a8fa5c)
0x03a8fa5c:   06026820 00000901 041b2233 00000000
0x03a8fa6c:   06023900 00000974 03a8fa90 042be777
0x03a8fa7c:   06023900 00000974 00000974 00000974
0x03a8fa8c:   0470623c 03a8fa9c 0410f84c 000010bc
0x03a8fa9c:   03a8fab8 0418c5ce 00000974 000010bc
0x03a8faac:   00000000 7665f17e 00000000 03a8fad0
0x03a8fabc:   0418c74a 04090000 00000001 00000000
0x03a8facc:   04090000 03a8faf0 045fe1b1 04090000 

Instructions: (pc=0x041b1e88)
0x041b1e78:   00 83 c4 04 88 1d e0 9a 8b 04 8b be 84 00 00 00
0x041b1e88:   8b 07 3b c3 74 0d 8b 48 fc 51 ff 15 9c 5f 70 04 


Stack: [0x03a40000,0x03a90000],  sp=0x03a8fa5c,  free space=318k
Native frames: (J=compiled Java code, j=interpreted, Vv=VM code, C=native code)
C  [nvoglv32.DLL+0x121e88]
C  [nvoglv32.DLL+0x22e777]
C  [nvoglv32.DLL+0x7f84c]
C  [nvoglv32.DLL+0xfc5ce]
C  [nvoglv32.DLL+0xfc74a]
C  [nvoglv32.DLL+0x56e1b1]
C  [ntdll.dll+0x5f400]
C  [ntdll.dll+0x75db1]
C  [ntdll.dll+0x75c1d]
C  [kernel32.dll+0x52a4c]
C  [msvcr71.dll+0x8d04]
C  [msvcr71.dll+0x8d11]
V  [jvm.dll+0x1e8bbd]
V  [jvm.dll+0x1e7e9e]
V  [jvm.dll+0x1e81ec]
V  [jvm.dll+0x1e8612]
V  [jvm.dll+0x1739dc]
C  [msvcr71.dll+0x9565]
C  [kernel32.dll+0x510dc]
C  [ntdll.dll+0x61e9e]
C  [ntdll.dll+0x61e71]

VM_Operation (0x0639f5f0): Exit, mode: safepoint, requested by thread 0x03d1e000


---------------  P R O C E S S  ---------------

Java Threads: ( => current thread )
  0x03de7800 JavaThread "DestroyJavaVM" [_thread_blocked, id=5704, stack(0x003b0000,0x00400000)]
  0x03de7000 JavaThread "J3D-InputDeviceScheduler-1" [_thread_blocked, id=1860, stack(0x08ad0000,0x08b20000)]
  0x03de6c00 JavaThread "J3D-SoundSchedulerUpdateThread-1" [_thread_blocked, id=316, stack(0x08a80000,0x08ad0000)]
  0x03de6400 JavaThread "J3D-RenderStructureUpdateThread-1" [_thread_blocked, id=5932, stack(0x08930000,0x08980000)]
  0x03de6000 JavaThread "J3D-BehaviorScheduler-1" [_thread_blocked, id=2360, stack(0x088e0000,0x08930000)]
  0x03de5800 JavaThread "J3D-TransformStructureUpdateThread-1" [_thread_blocked, id=4868, stack(0x08890000,0x088e0000)]
  0x03de5400 JavaThread "J3D-RenderingEnvironmentStructureUpdateThread-1" [_thread_blocked, id=5336, stack(0x08840000,0x08890000)]
  0x03de4c00 JavaThread "J3D-SoundStructureUpdateThread-1" [_thread_blocked, id=5332, stack(0x065d0000,0x06620000)]
  0x03de4800 JavaThread "J3D-GeometryStructureUpdateThread-1" [_thread_blocked, id=5112, stack(0x06580000,0x065d0000)]
  0x03d4ec00 JavaThread "J3D-BehaviorStructureUpdateThread-1" [_thread_blocked, id=2660, stack(0x06530000,0x06580000)]
  0x03d1e000 JavaThread "AWT-EventQueue-0" [_thread_blocked, id=5108, stack(0x06350000,0x063a0000)]
  0x03d74000 JavaThread "J3D-Renderer-1" [_thread_blocked, id=4228, stack(0x08080000,0x080d0000)]
  0x03d73c00 JavaThread "J3D-MasterControl-1" [_thread_blocked, id=5836, stack(0x08030000,0x08080000)]
  0x03d54000 JavaThread "J3D-NotificationThread" [_thread_blocked, id=172, stack(0x07fe0000,0x08030000)]
  0x03d53c00 JavaThread "J3D-TimerThread" [_thread_blocked, id=936, stack(0x07f90000,0x07fe0000)]
  0x018e6000 JavaThread "J3D-RenderingAttributesStructureUpdateThread" [_thread_blocked, id=4100, stack(0x07f40000,0x07f90000)]
  0x03d40400 JavaThread "AWT-Shutdown" [_thread_blocked, id=2572, stack(0x066e0000,0x06730000)]
  0x03e37800 JavaThread "Java2D Disposer" daemon [_thread_blocked, id=5820, stack(0x04ab0000,0x04b00000)]
  0x018f8c00 JavaThread "Low Memory Detector" daemon [_thread_blocked, id=1304, stack(0x03c20000,0x03c70000)]
  0x018f2000 JavaThread "CompilerThread0" daemon [_thread_blocked, id=1572, stack(0x03bd0000,0x03c20000)]
  0x018f1c00 JavaThread "Attach Listener" daemon [_thread_blocked, id=2604, stack(0x03b80000,0x03bd0000)]
  0x018e7000 JavaThread "Signal Dispatcher" daemon [_thread_blocked, id=2288, stack(0x03b30000,0x03b80000)]
  0x018a4000 JavaThread "Finalizer" daemon [_thread_blocked, id=4548, stack(0x03ae0000,0x03b30000)]
  0x018a2800 JavaThread "Reference Handler" daemon [_thread_blocked, id=5712, stack(0x03a90000,0x03ae0000)]

Other Threads:
=>0x018a1400 VMThread [stack: 0x03a40000,0x03a90000] [id=2420]

VM state:at safepoint (shutting down)

VM Mutex/Monitor currently owned by a thread:  ([mutex/lock_event])
[0x00b67548] Threads_lock - owner thread: 0x018a1400

Heap
 def new generation   total 960K, used 185K [0x23a60000, 0x23b60000, 0x23f40000)
  eden space 896K,  15% used [0x23a60000, 0x23a82af0, 0x23b40000)
  from space 64K,  72% used [0x23b50000, 0x23b5ba90, 0x23b60000)
  to   space 64K,   0% used [0x23b40000, 0x23b40000, 0x23b50000)
 tenured generation   total 9508K, used 6909K [0x23f40000, 0x24889000, 0x27a60000)
   the space 9508K,  72% used [0x23f40000, 0x245ff740, 0x245ff800, 0x24889000)
 compacting perm gen  total 12288K, used 4416K [0x27a60000, 0x28660000, 0x2ba60000)
   the space 12288K,  35% used [0x27a60000, 0x27eb02a8, 0x27eb0400, 0x28660000)
    ro space 8192K,  67% used [0x2ba60000, 0x2bfc8d98, 0x2bfc8e00, 0x2c260000)
    rw space 12288K,  54% used [0x2c260000, 0x2c8dd0f0, 0x2c8dd200, 0x2ce60000)

Dynamic libraries:
0x00400000 - 0x00424000 	C:\Program Files\Java\jdk1.6.0_14\bin\java.exe
0x77550000 - 0x7768c000 	C:\Windows\SYSTEM32\ntdll.dll
0x76610000 - 0x766e4000 	C:\Windows\system32\kernel32.dll
0x75740000 - 0x75788000 	C:\Windows\system32\KERNELBASE.dll
0x75c30000 - 0x75cd0000 	C:\Windows\system32\ADVAPI32.dll
0x774a0000 - 0x7754c000 	C:\Windows\system32\msvcrt.dll
0x76240000 - 0x76259000 	C:\Windows\SYSTEM32\sechost.dll
0x75b20000 - 0x75bc2000 	C:\Windows\system32\RPCRT4.dll
0x7c340000 - 0x7c396000 	C:\Program Files\Java\jdk1.6.0_14\jre\bin\msvcr71.dll
0x6d8b0000 - 0x6db3b000 	C:\Program Files\Java\jdk1.6.0_14\jre\bin\client\jvm.dll
0x75cd0000 - 0x75d99000 	C:\Windows\system32\USER32.dll
0x77730000 - 0x7777e000 	C:\Windows\system32\GDI32.dll
0x75b10000 - 0x75b1a000 	C:\Windows\system32\LPK.dll
0x76370000 - 0x7640d000 	C:\Windows\system32\USP10.dll
0x73170000 - 0x731a2000 	C:\Windows\system32\WINMM.dll
0x77690000 - 0x776af000 	C:\Windows\system32\IMM32.DLL
0x766f0000 - 0x767bc000 	C:\Windows\system32\MSCTF.dll
0x755a0000 - 0x755eb000 	C:\Windows\system32\apphelp.dll
0x6d860000 - 0x6d86c000 	C:\Program Files\Java\jdk1.6.0_14\jre\bin\verify.dll
0x6d3e0000 - 0x6d3ff000 	C:\Program Files\Java\jdk1.6.0_14\jre\bin\java.dll
0x6d340000 - 0x6d348000 	C:\Program Files\Java\jdk1.6.0_14\jre\bin\hpi.dll
0x759a0000 - 0x759a5000 	C:\Windows\system32\PSAPI.DLL
0x6d8a0000 - 0x6d8af000 	C:\Program Files\Java\jdk1.6.0_14\jre\bin\zip.dll
0x10000000 - 0x1000e000 	C:\Program Files\Java\jdk1.6.0_14\jre\bin\j3dcore-ogl-chk.dll
0x642d0000 - 0x64398000 	C:\Windows\system32\OPENGL32.dll
0x69600000 - 0x69622000 	C:\Windows\system32\GLU32.dll
0x69820000 - 0x69907000 	C:\Windows\system32\DDRAW.dll
0x73ad0000 - 0x73ad6000 	C:\Windows\system32\DCIMAN32.dll
0x76470000 - 0x7660d000 	C:\Windows\system32\SETUPAPI.dll
0x757c0000 - 0x757e7000 	C:\Windows\system32\CFGMGR32.dll
0x77410000 - 0x7749f000 	C:\Windows\system32\OLEAUT32.dll
0x759b0000 - 0x75b0b000 	C:\Windows\system32\ole32.dll
0x75720000 - 0x75732000 	C:\Windows\system32\DEVOBJ.dll
0x74000000 - 0x74013000 	C:\Windows\system32\dwmapi.dll
0x74470000 - 0x744b0000 	C:\Windows\system32\uxtheme.dll
0x04090000 - 0x04945000 	C:\Windows\system32\nvoglv32.DLL
0x6d0b0000 - 0x6d1fa000 	C:\Program Files\Java\jdk1.6.0_14\jre\bin\awt.dll
0x738d0000 - 0x73921000 	C:\Windows\system32\WINSPOOL.DRV
0x76410000 - 0x76467000 	C:\Windows\system32\SHLWAPI.dll
0x75620000 - 0x7562c000 	C:\Windows\system32\CRYPTBASE.dll
0x6d410000 - 0x6d416000 	C:\Program Files\Java\jdk1.6.0_14\jre\bin\jawt.dll
0x06890000 - 0x068b9000 	C:\Program Files\Java\jdk1.6.0_14\jre\bin\j3dcore-ogl.dll
0x6d2e0000 - 0x6d334000 	C:\Program Files\Java\jdk1.6.0_14\jre\bin\fontmanager.dll
0x76260000 - 0x76266000 	C:\Windows\system32\NSI.dll
0x767c0000 - 0x77406000 	C:\Windows\system32\shell32.dll
0x6d6c0000 - 0x6d6d3000 	C:\Program Files\Java\jdk1.6.0_14\jre\bin\net.dll
0x776c0000 - 0x776f5000 	C:\Windows\system32\WS2_32.dll
0x750e0000 - 0x7511c000 	C:\Windows\system32\mswsock.dll
0x750d0000 - 0x750d6000 	C:\Windows\System32\wship6.dll
0x6d6e0000 - 0x6d6e9000 	C:\Program Files\Java\jdk1.6.0_14\jre\bin\nio.dll

VM Arguments:
jvm_args: -Dfile.encoding=UTF-8 
java_command: tradeworld.graphics.ChaosFrame
Launcher Type: SUN_STANDARD

Environment Variables:
CLASSPATH=.;.;C:\PROGRA~1\JMF21~1.1E\lib\sound.jar;C:\PROGRA~1\JMF21~1.1E\lib\jmf.jar;C:\PROGRA~1\JMF21~1.1E\lib;
PATH=C:\Program Files\PC Connectivity Solution\;C:\Windows\system32;C:\Windows;C:\Windows\System32\Wbem;C:\Windows\System32\WindowsPowerShell\v1.0\;C:\Program Files\QuickTime\QTSystem\
USERNAME=Kotuc
OS=Windows_NT
PROCESSOR_IDENTIFIER=x86 Family 6 Model 14 Stepping 12, GenuineIntel



---------------  S Y S T E M  ---------------

OS: Windows 7 Build 7100 

CPU:total 2 (2 cores per cpu, 1 threads per core) family 6 model 14 stepping 12, cmov, cx8, fxsr, mmx, sse, sse2, sse3

Memory: 4k page, physical 1046584k(114620k free), swap 2095160k(476420k free)

vm_info: Java HotSpot(TM) Client VM (14.0-b16) for windows-x86 JRE (1.6.0_14-b08), built on May 21 2009 08:03:56 by "java_re" with MS VC++ 7.1

time: Sat Oct 10 17:21:18 2009
elapsed time: 13 seconds

